<?xml version="1.0" encoding="UTF-8"?>
<!-- Generated by org.testng.reporters.JUnitReportReporter -->
<testsuite hostname="Prashanths-MBP.attlocal.net" failures="0" tests="1" name="org.example.SauceHome" time="1.716" errors="0" timestamp="2023-12-11T02:19:21 PST" skipped="0">
  <testcase classname="org.example.SauceHome" name="happyPathTest" time="1.716"/>
</testsuite> <!-- org.example.SauceHome -->
