<?xml version="1.0" encoding="UTF-8"?>
<!-- Generated by org.testng.reporters.JUnitReportReporter -->
<testsuite hostname="Prashanths-MBP.attlocal.net" failures="0" tests="6" name="org.example.SauceLogin" time="50.047" errors="0" timestamp="2023-12-11T02:19:21 PST" skipped="0">
  <testcase classname="org.example.SauceLogin" name="negativeLoginTest" time="3.533"/>
  <testcase classname="org.example.SauceLogin" name="negativeLoginTest" time="3.568"/>
  <testcase classname="org.example.SauceLogin" name="loginTest" time="26.130"/>
  <testcase classname="org.example.SauceLogin" name="negativeLoginTest" time="3.589"/>
  <testcase classname="org.example.SauceLogin" name="cartSanityTest" time="8.957"/>
  <testcase classname="org.example.SauceLogin" name="failLoginTest" time="4.270"/>
</testsuite> <!-- org.example.SauceLogin -->
